2026-01-28 14:22:06 - ==========================================
2026-01-28 14:22:06 - RAM Server Watchdog Baslatildi
2026-01-28 14:22:06 - Proje Yolu: C:\Users\lenovo ram4\Desktop\ram-proje
2026-01-28 14:22:06 - Kontrol Araligi: 30 saniye
2026-01-28 14:22:06 - ==========================================
2026-01-28 14:22:06 - Sunucu calismior, baslatiliyor...
2026-01-28 14:22:06 - Sunucu baslatiliyor...
2026-01-28 14:22:06 - Sunucu islemi basladi (PID: 9608)
2026-01-28 14:22:16 - Sunucu basariyla basladi ve yanitliyor!
2026-01-28 14:31:12 - ==========================================
2026-01-28 14:31:12 - RAM Server Watchdog Baslatildi
2026-01-28 14:31:12 - Proje Yolu: C:\Users\lenovo ram4\Desktop\ram-proje
2026-01-28 14:31:12 - Kontrol Araligi: 30 saniye
2026-01-28 14:31:12 - ==========================================
2026-01-28 14:31:52 - UYARI: Sunucu yanit vermiyor! (Hata: 1/3)
2026-01-28 14:32:32 - UYARI: Sunucu yanit vermiyor! (Hata: 2/3)
2026-01-28 14:33:12 - UYARI: Sunucu yanit vermiyor! (Hata: 3/3)
2026-01-28 14:33:12 - Maksimum hata sayisina ulasildi. Sunucu yeniden baslatiliyor...
2026-01-28 14:33:12 - ===== SUNUCU YENIDEN BASLATILIYOR =====
2026-01-28 14:33:12 - Tum Node islemleri durduruluyor...
2026-01-28 14:33:17 - Sunucu baslatiliyor...
2026-01-28 14:33:17 - Sunucu islemi basladi (PID: 5936)
2026-01-28 14:33:27 - Sunucu basariyla basladi ve yanitliyor!
2026-01-29 09:03:56 - ==========================================
2026-01-29 09:03:56 - RAM Server Watchdog Baslatildi
2026-01-29 09:03:56 - Proje Yolu: C:\Users\lenovo ram4\Desktop\ram-proje
2026-01-29 09:03:56 - Kontrol Araligi: 30 saniye
2026-01-29 09:03:56 - ==========================================
2026-01-29 09:04:36 - UYARI: Sunucu yanit vermiyor! (Hata: 1/3)
2026-01-29 09:05:16 - UYARI: Sunucu yanit vermiyor! (Hata: 2/3)
2026-01-29 09:05:56 - UYARI: Sunucu yanit vermiyor! (Hata: 3/3)
2026-01-29 09:05:56 - Maksimum hata sayisina ulasildi. Sunucu yeniden baslatiliyor...
2026-01-29 09:05:56 - ===== SUNUCU YENIDEN BASLATILIYOR =====
2026-01-29 09:05:56 - Tum Node islemleri durduruluyor...
2026-01-29 09:06:01 - Sunucu baslatiliyor...
2026-01-29 09:06:01 - Sunucu islemi basladi (PID: 6332)
2026-01-29 09:06:11 - Sunucu basariyla basladi ve yanitliyor!
2026-01-29 09:51:59 - ==========================================
2026-01-29 09:51:59 - RAM Server Watchdog Baslatildi
2026-01-29 09:51:59 - Proje Yolu: C:\Users\lenovo ram4\Desktop\ram-proje
2026-01-29 09:51:59 - Kontrol Araligi: 30 saniye
2026-01-29 09:51:59 - ==========================================
2026-01-29 09:52:40 - UYARI: Sunucu yanit vermiyor! (Hata: 1/3)
2026-01-29 09:53:20 - UYARI: Sunucu yanit vermiyor! (Hata: 2/3)
2026-01-29 09:54:00 - UYARI: Sunucu yanit vermiyor! (Hata: 3/3)
2026-01-29 09:54:00 - Maksimum hata sayisina ulasildi. Sunucu yeniden baslatiliyor...
2026-01-29 09:54:00 - ===== SUNUCU YENIDEN BASLATILIYOR =====
2026-01-29 09:54:00 - Tum Node islemleri durduruluyor...
2026-01-29 09:54:05 - Sunucu baslatiliyor...
2026-01-29 09:54:05 - Sunucu islemi basladi (PID: 6240)
2026-01-29 09:54:15 - Sunucu basariyla basladi ve yanitliyor!
2026-01-29 10:11:28 - UYARI: Sunucu yanit vermiyor! (Hata: 1/3)
2026-01-29 10:12:08 - UYARI: Sunucu yanit vermiyor! (Hata: 2/3)
2026-01-29 10:12:48 - UYARI: Sunucu yanit vermiyor! (Hata: 3/3)
2026-01-29 10:12:48 - Maksimum hata sayisina ulasildi. Sunucu yeniden baslatiliyor...
2026-01-29 10:12:48 - ===== SUNUCU YENIDEN BASLATILIYOR =====
2026-01-29 10:12:48 - Tum Node islemleri durduruluyor...
2026-01-29 10:12:53 - Sunucu baslatiliyor...
2026-01-29 10:12:53 - Sunucu islemi basladi (PID: 12100)
2026-01-29 10:13:05 - Sunucu basariyla basladi ve yanitliyor!
2026-01-29 10:14:16 - UYARI: Sunucu yanit vermiyor! (Hata: 1/3)
2026-01-29 10:14:56 - UYARI: Sunucu yanit vermiyor! (Hata: 2/3)
2026-01-29 10:15:36 - UYARI: Sunucu yanit vermiyor! (Hata: 3/3)
2026-01-29 10:15:36 - Maksimum hata sayisina ulasildi. Sunucu yeniden baslatiliyor...
2026-01-29 10:15:36 - ===== SUNUCU YENIDEN BASLATILIYOR =====
2026-01-29 10:15:36 - Tum Node islemleri durduruluyor...
2026-01-29 10:15:41 - Sunucu baslatiliyor...
2026-01-29 10:15:41 - Sunucu islemi basladi (PID: 7764)
2026-01-29 10:15:51 - Sunucu basariyla basladi ve yanitliyor!
2026-01-29 10:23:32 - UYARI: Sunucu yanit vermiyor! (Hata: 1/3)
2026-01-29 10:24:12 - UYARI: Sunucu yanit vermiyor! (Hata: 2/3)
2026-01-29 10:24:52 - UYARI: Sunucu yanit vermiyor! (Hata: 3/3)
2026-01-29 10:24:52 - Maksimum hata sayisina ulasildi. Sunucu yeniden baslatiliyor...
2026-01-29 10:24:52 - ===== SUNUCU YENIDEN BASLATILIYOR =====
2026-01-29 10:24:52 - Tum Node islemleri durduruluyor...
2026-01-29 10:24:57 - Sunucu baslatiliyor...
2026-01-29 10:24:57 - Sunucu islemi basladi (PID: 6896)
2026-01-29 10:25:07 - Sunucu basariyla basladi ve yanitliyor!
2026-01-29 10:27:52 - UYARI: Sunucu yanit vermiyor! (Hata: 1/3)
2026-01-29 10:28:33 - UYARI: Sunucu yanit vermiyor! (Hata: 2/3)
2026-01-29 10:29:13 - UYARI: Sunucu yanit vermiyor! (Hata: 3/3)
2026-01-29 10:29:13 - Maksimum hata sayisina ulasildi. Sunucu yeniden baslatiliyor...
2026-01-29 10:29:13 - ===== SUNUCU YENIDEN BASLATILIYOR =====
2026-01-29 10:29:13 - Tum Node islemleri durduruluyor...
2026-01-29 10:29:18 - Sunucu baslatiliyor...
2026-01-29 10:29:18 - Sunucu islemi basladi (PID: 10220)
2026-01-29 10:30:03 - Sunucu basariyla basladi ve yanitliyor!
2026-01-29 10:47:16 - UYARI: Sunucu yanit vermiyor! (Hata: 1/3)
2026-01-29 10:47:56 - UYARI: Sunucu yanit vermiyor! (Hata: 2/3)
2026-01-29 10:48:36 - UYARI: Sunucu yanit vermiyor! (Hata: 3/3)
2026-01-29 10:48:36 - Maksimum hata sayisina ulasildi. Sunucu yeniden baslatiliyor...
2026-01-29 10:48:36 - ===== SUNUCU YENIDEN BASLATILIYOR =====
2026-01-29 10:48:36 - Tum Node islemleri durduruluyor...
2026-01-29 10:48:41 - Sunucu baslatiliyor...
2026-01-29 10:48:41 - Sunucu islemi basladi (PID: 11444)
2026-01-29 10:49:30 - UYARI: Sunucu basladi ama yanit vermiyor
2026-01-29 10:50:04 - UYARI: Sunucu yanit vermiyor! (Hata: 1/3)
2026-01-29 10:50:38 - UYARI: Sunucu yanit vermiyor! (Hata: 2/3)
2026-01-29 10:51:13 - UYARI: Sunucu yanit vermiyor! (Hata: 3/3)
2026-01-29 10:51:13 - Son 2 dakika icinde zaten yeniden baslatildi, bekleniyor...
2026-01-29 10:51:47 - UYARI: Sunucu yanit vermiyor! (Hata: 4/3)
2026-01-29 10:51:47 - Maksimum hata sayisina ulasildi. Sunucu yeniden baslatiliyor...
2026-01-29 10:51:47 - ===== SUNUCU YENIDEN BASLATILIYOR =====
2026-01-29 10:51:47 - Tum Node islemleri durduruluyor...
2026-01-29 10:51:52 - Sunucu baslatiliyor...
2026-01-29 10:51:52 - Sunucu islemi basladi (PID: 9632)
2026-01-29 10:52:02 - Sunucu basariyla basladi ve yanitliyor!
2026-01-29 10:57:04 - UYARI: Sunucu yanit vermiyor! (Hata: 1/3)
2026-01-29 10:57:36 - Sunucu tekrar yanitliyor. Hata sayaci sifirlandi.
2026-01-29 11:08:30 - ==========================================
2026-01-29 11:08:30 - RAM Server Watchdog Baslatildi
2026-01-29 11:08:30 - Proje Yolu: C:\Users\lenovo ram4\Desktop\ram-proje
2026-01-29 11:08:30 - Kontrol Araligi: 30 saniye
2026-01-29 11:08:30 - ==========================================
2026-01-30 08:51:37 - ==========================================
2026-01-30 08:51:37 - RAM Server Watchdog Baslatildi
2026-01-30 08:51:37 - Proje Yolu: C:\Users\lenovo ram4\Desktop\ram-proje
2026-01-30 08:51:37 - Kontrol Araligi: 30 saniye
2026-01-30 08:51:37 - ==========================================
2026-01-30 08:51:37 - Sunucu calismior, baslatiliyor...
2026-01-30 08:51:37 - Sunucu baslatiliyor...
2026-01-30 08:51:37 - Sunucu islemi basladi (PID: 8120)
2026-01-30 08:51:53 - Sunucu basariyla basladi ve yanitliyor!
2026-01-30 11:47:37 - ==========================================
2026-01-30 11:47:37 - RAM Server Watchdog Baslatildi
2026-01-30 11:47:37 - Proje Yolu: C:\Users\lenovo ram4\Desktop\ram-proje
2026-01-30 11:47:37 - Kontrol Araligi: 30 saniye
2026-01-30 11:47:37 - ==========================================
2026-01-30 11:55:59 - ==========================================
2026-01-30 11:55:59 - RAM Server Watchdog Baslatildi
2026-01-30 11:55:59 - Proje Yolu: C:\Users\lenovo ram4\Desktop\ram-proje
2026-01-30 11:55:59 - Kontrol Araligi: 30 saniye
2026-01-30 11:55:59 - ==========================================
2026-02-03 08:49:52 - ==========================================
2026-02-03 08:49:52 - RAM Server Watchdog Baslatildi
2026-02-03 08:49:52 - Proje Yolu: C:\Users\lenovo ram4\Desktop\ram-proje
2026-02-03 08:49:52 - Kontrol Araligi: 30 saniye
2026-02-03 08:49:52 - ==========================================
2026-02-03 12:10:28 - UYARI: Sunucu yanit vermiyor! (Hata: 1/3)
2026-02-03 12:10:58 - UYARI: Sunucu yanit vermiyor! (Hata: 2/3)
2026-02-03 12:11:28 - Sunucu tekrar yanitliyor. Hata sayaci sifirlandi.
2026-02-04 08:41:47 - ==========================================
2026-02-04 08:41:47 - RAM Server Watchdog Baslatildi
2026-02-04 08:41:47 - Proje Yolu: C:\Users\lenovo ram4\Desktop\ram-proje
2026-02-04 08:41:47 - Kontrol Araligi: 30 saniye
2026-02-04 08:41:47 - ==========================================
2026-02-04 10:29:44 - ==========================================
2026-02-04 10:29:44 - RAM Server Watchdog Baslatildi
2026-02-04 10:29:44 - Proje Yolu: C:\Users\lenovo ram4\Desktop\ram-proje
2026-02-04 10:29:44 - Kontrol Araligi: 30 saniye
2026-02-04 10:29:44 - ==========================================
2026-02-04 14:58:19 - UYARI: Sunucu yanit vermiyor! (Hata: 1/3)
2026-02-04 14:58:59 - UYARI: Sunucu yanit vermiyor! (Hata: 2/3)
2026-02-04 14:59:39 - UYARI: Sunucu yanit vermiyor! (Hata: 3/3)
2026-02-04 14:59:39 - Maksimum hata sayisina ulasildi. Sunucu yeniden baslatiliyor...
2026-02-04 14:59:39 - ===== SUNUCU YENIDEN BASLATILIYOR =====
2026-02-04 14:59:39 - Tum Node islemleri durduruluyor...
2026-02-04 14:59:44 - Sunucu baslatiliyor...
2026-02-04 14:59:44 - Sunucu islemi basladi (PID: 6108)
2026-02-04 15:00:34 - UYARI: Sunucu basladi ama yanit vermiyor
2026-02-04 15:01:08 - UYARI: Sunucu yanit vermiyor! (Hata: 1/3)
2026-02-04 15:01:42 - UYARI: Sunucu yanit vermiyor! (Hata: 2/3)
2026-02-04 15:02:16 - UYARI: Sunucu yanit vermiyor! (Hata: 3/3)
2026-02-04 15:02:16 - Son 2 dakika icinde zaten yeniden baslatildi, bekleniyor...
2026-02-04 15:02:50 - UYARI: Sunucu yanit vermiyor! (Hata: 4/3)
2026-02-04 15:02:50 - Maksimum hata sayisina ulasildi. Sunucu yeniden baslatiliyor...
2026-02-04 15:02:50 - ===== SUNUCU YENIDEN BASLATILIYOR =====
2026-02-04 15:02:50 - Tum Node islemleri durduruluyor...
2026-02-04 15:02:55 - Sunucu baslatiliyor...
2026-02-04 15:02:55 - Sunucu islemi basladi (PID: 10112)
2026-02-04 15:03:41 - UYARI: Sunucu basladi ama yanit vermiyor
2026-02-04 15:04:15 - UYARI: Sunucu yanit vermiyor! (Hata: 1/3)
2026-02-04 15:04:49 - UYARI: Sunucu yanit vermiyor! (Hata: 2/3)
2026-02-04 15:05:23 - UYARI: Sunucu yanit vermiyor! (Hata: 3/3)
2026-02-04 15:05:23 - Son 2 dakika icinde zaten yeniden baslatildi, bekleniyor...
2026-02-04 15:05:57 - UYARI: Sunucu yanit vermiyor! (Hata: 4/3)
2026-02-04 15:05:57 - Maksimum hata sayisina ulasildi. Sunucu yeniden baslatiliyor...
2026-02-04 15:05:57 - ===== SUNUCU YENIDEN BASLATILIYOR =====
2026-02-04 15:05:57 - Tum Node islemleri durduruluyor...
2026-02-04 15:06:02 - Sunucu baslatiliyor...
2026-02-04 15:06:02 - Sunucu islemi basladi (PID: 13700)
2026-02-04 15:06:12 - Sunucu basariyla basladi ve yanitliyor!
2026-02-05 08:36:55 - ==========================================
2026-02-05 08:36:55 - RAM Server Watchdog Baslatildi
2026-02-05 08:36:55 - Proje Yolu: C:\Users\lenovo ram4\Desktop\ram-proje
2026-02-05 08:36:55 - Kontrol Araligi: 30 saniye
2026-02-05 08:36:55 - ==========================================
2026-02-06 08:51:12 - ==========================================
2026-02-06 08:51:12 - RAM Server Watchdog Baslatildi
2026-02-06 08:51:12 - Proje Yolu: C:\Users\lenovo ram4\Desktop\ram-proje
2026-02-06 08:51:12 - Kontrol Araligi: 30 saniye
2026-02-06 08:51:12 - ==========================================
2026-02-06 08:51:12 - Sunucu calismior, baslatiliyor...
2026-02-06 08:51:12 - Sunucu baslatiliyor...
2026-02-06 08:51:12 - Sunucu islemi basladi (PID: 3612)
2026-02-06 08:51:37 - Sunucu basariyla basladi ve yanitliyor!
2026-02-13 10:29:07 - UYARI: Sunucu yanit vermiyor! (Hata: 1/3)
2026-02-13 10:29:41 - UYARI: Sunucu yanit vermiyor! (Hata: 2/3)
2026-02-13 10:30:15 - UYARI: Sunucu yanit vermiyor! (Hata: 3/3)
2026-02-13 10:30:15 - Maksimum hata sayisina ulasildi. Sunucu yeniden baslatiliyor...
2026-02-13 10:30:15 - ===== SUNUCU YENIDEN BASLATILIYOR =====
2026-02-13 10:30:15 - Tum Node islemleri durduruluyor...
2026-02-13 10:30:20 - Sunucu baslatiliyor...
2026-02-13 10:30:20 - Sunucu islemi basladi (PID: 19884)
2026-02-13 10:30:49 - Sunucu basariyla basladi ve yanitliyor!
2026-02-13 11:23:10 - UYARI: Sunucu yanit vermiyor! (Hata: 1/3)
2026-02-13 11:23:41 - Sunucu tekrar yanitliyor. Hata sayaci sifirlandi.
2026-02-13 11:24:52 - UYARI: Sunucu yanit vermiyor! (Hata: 1/3)
2026-02-13 11:25:22 - Sunucu tekrar yanitliyor. Hata sayaci sifirlandi.
